rake aborted!
ActiveRecord::AdapterNotSpecified: 'production' database is not configured. Available: ["development", "test"]
/home/sinaga-indra/.rvm/gems/ruby-2.1.4/gems/activerecord-4.2.5/lib/active_record/connection_adapters/connection_specification.rb:248:in `resolve_symbol_connection'
/home/sinaga-indra/.rvm/gems/ruby-2.1.4/gems/activerecord-4.2.5/lib/active_record/connection_adapters/connection_specification.rb:211:in `resolve_connection'
/home/sinaga-indra/.rvm/gems/ruby-2.1.4/gems/activerecord-4.2.5/lib/active_record/connection_adapters/connection_specification.rb:139:in `resolve'
/home/sinaga-indra/.rvm/gems/ruby-2.1.4/gems/activerecord-4.2.5/lib/active_record/connection_adapters/connection_specification.rb:169:in `spec'
/home/sinaga-indra/.rvm/gems/ruby-2.1.4/gems/activerecord-4.2.5/lib/active_record/connection_handling.rb:50:in `establish_connection'
/home/sinaga-indra/.rvm/gems/ruby-2.1.4/gems/activerecord-4.2.5/lib/active_record/railtie.rb:120:in `block (2 levels) in <class:Railtie>'
/home/sinaga-indra/.rvm/gems/ruby-2.1.4/gems/activesupport-4.2.5/lib/active_support/lazy_load_hooks.rb:38:in `instance_eval'
/home/sinaga-indra/.rvm/gems/ruby-2.1.4/gems/activesupport-4.2.5/lib/active_support/lazy_load_hooks.rb:38:in `execute_hook'
/home/sinaga-indra/.rvm/gems/ruby-2.1.4/gems/activesupport-4.2.5/lib/active_support/lazy_load_hooks.rb:45:in `block in run_load_hooks'
/home/sinaga-indra/.rvm/gems/ruby-2.1.4/gems/activesupport-4.2.5/lib/active_support/lazy_load_hooks.rb:44:in `each'
/home/sinaga-indra/.rvm/gems/ruby-2.1.4/gems/activesupport-4.2.5/lib/active_support/lazy_load_hooks.rb:44:in `run_load_hooks'
/home/sinaga-indra/.rvm/gems/ruby-2.1.4/gems/activerecord-4.2.5/lib/active_record/base.rb:315:in `<module:ActiveRecord>'
/home/sinaga-indra/.rvm/gems/ruby-2.1.4/gems/activerecord-4.2.5/lib/active_record/base.rb:26:in `<top (required)>'
/home/sinaga-indra/Documents/projects/rubyOnRails/github-watcher-web/web_app/app/models/user.rb:1:in `<top (required)>'
/home/sinaga-indra/.rvm/gems/ruby-2.1.4/gems/activesupport-4.2.5/lib/active_support/dependencies.rb:274:in `require'
/home/sinaga-indra/.rvm/gems/ruby-2.1.4/gems/activesupport-4.2.5/lib/active_support/dependencies.rb:274:in `block in require'
/home/sinaga-indra/.rvm/gems/ruby-2.1.4/gems/activesupport-4.2.5/lib/active_support/dependencies.rb:240:in `load_dependency'
/home/sinaga-indra/.rvm/gems/ruby-2.1.4/gems/activesupport-4.2.5/lib/active_support/dependencies.rb:274:in `require'
/home/sinaga-indra/.rvm/gems/ruby-2.1.4/gems/activesupport-4.2.5/lib/active_support/dependencies.rb:360:in `require_or_load'
/home/sinaga-indra/.rvm/gems/ruby-2.1.4/gems/activesupport-4.2.5/lib/active_support/dependencies.rb:494:in `load_missing_constant'
/home/sinaga-indra/.rvm/gems/ruby-2.1.4/gems/activesupport-4.2.5/lib/active_support/dependencies.rb:184:in `const_missing'
/home/sinaga-indra/Documents/projects/rubyOnRails/github-watcher-web/web_app/lib/tasks/update_search_results_weekly.rake:5:in `block (2 levels) in <top (required)>'
/home/sinaga-indra/.rvm/gems/ruby-2.1.4/bin/ruby_executable_hooks:15:in `eval'
/home/sinaga-indra/.rvm/gems/ruby-2.1.4/bin/ruby_executable_hooks:15:in `<main>'
Tasks: TOP => schedule:update_search_results_weekly
(See full trace by running task with --trace)
rake aborted!
ActiveRecord::AdapterNotSpecified: 'production' database is not configured. Available: ["development", "test"]
/home/sinaga-indra/.rvm/gems/ruby-2.1.4/gems/activerecord-4.2.5/lib/active_record/connection_adapters/connection_specification.rb:248:in `resolve_symbol_connection'
/home/sinaga-indra/.rvm/gems/ruby-2.1.4/gems/activerecord-4.2.5/lib/active_record/connection_adapters/connection_specification.rb:211:in `resolve_connection'
/home/sinaga-indra/.rvm/gems/ruby-2.1.4/gems/activerecord-4.2.5/lib/active_record/connection_adapters/connection_specification.rb:139:in `resolve'
/home/sinaga-indra/.rvm/gems/ruby-2.1.4/gems/activerecord-4.2.5/lib/active_record/connection_adapters/connection_specification.rb:169:in `spec'
/home/sinaga-indra/.rvm/gems/ruby-2.1.4/gems/activerecord-4.2.5/lib/active_record/connection_handling.rb:50:in `establish_connection'
/home/sinaga-indra/.rvm/gems/ruby-2.1.4/gems/activerecord-4.2.5/lib/active_record/railtie.rb:120:in `block (2 levels) in <class:Railtie>'
/home/sinaga-indra/.rvm/gems/ruby-2.1.4/gems/activesupport-4.2.5/lib/active_support/lazy_load_hooks.rb:38:in `instance_eval'
/home/sinaga-indra/.rvm/gems/ruby-2.1.4/gems/activesupport-4.2.5/lib/active_support/lazy_load_hooks.rb:38:in `execute_hook'
/home/sinaga-indra/.rvm/gems/ruby-2.1.4/gems/activesupport-4.2.5/lib/active_support/lazy_load_hooks.rb:45:in `block in run_load_hooks'
/home/sinaga-indra/.rvm/gems/ruby-2.1.4/gems/activesupport-4.2.5/lib/active_support/lazy_load_hooks.rb:44:in `each'
/home/sinaga-indra/.rvm/gems/ruby-2.1.4/gems/activesupport-4.2.5/lib/active_support/lazy_load_hooks.rb:44:in `run_load_hooks'
/home/sinaga-indra/.rvm/gems/ruby-2.1.4/gems/activerecord-4.2.5/lib/active_record/base.rb:315:in `<module:ActiveRecord>'
/home/sinaga-indra/.rvm/gems/ruby-2.1.4/gems/activerecord-4.2.5/lib/active_record/base.rb:26:in `<top (required)>'
/home/sinaga-indra/Documents/projects/rubyOnRails/github-watcher-web/web_app/app/models/user.rb:1:in `<top (required)>'
/home/sinaga-indra/.rvm/gems/ruby-2.1.4/gems/activesupport-4.2.5/lib/active_support/dependencies.rb:274:in `require'
/home/sinaga-indra/.rvm/gems/ruby-2.1.4/gems/activesupport-4.2.5/lib/active_support/dependencies.rb:274:in `block in require'
/home/sinaga-indra/.rvm/gems/ruby-2.1.4/gems/activesupport-4.2.5/lib/active_support/dependencies.rb:240:in `load_dependency'
/home/sinaga-indra/.rvm/gems/ruby-2.1.4/gems/activesupport-4.2.5/lib/active_support/dependencies.rb:274:in `require'
/home/sinaga-indra/.rvm/gems/ruby-2.1.4/gems/activesupport-4.2.5/lib/active_support/dependencies.rb:360:in `require_or_load'
/home/sinaga-indra/.rvm/gems/ruby-2.1.4/gems/activesupport-4.2.5/lib/active_support/dependencies.rb:494:in `load_missing_constant'
/home/sinaga-indra/.rvm/gems/ruby-2.1.4/gems/activesupport-4.2.5/lib/active_support/dependencies.rb:184:in `const_missing'
/home/sinaga-indra/Documents/projects/rubyOnRails/github-watcher-web/web_app/lib/tasks/update_search_results_weekly.rake:5:in `block (2 levels) in <top (required)>'
/home/sinaga-indra/.rvm/gems/ruby-2.1.4/bin/ruby_executable_hooks:15:in `eval'
/home/sinaga-indra/.rvm/gems/ruby-2.1.4/bin/ruby_executable_hooks:15:in `<main>'
Tasks: TOP => schedule:update_search_results_weekly
(See full trace by running task with --trace)
rake aborted!
ActiveRecord::AdapterNotSpecified: 'production' database is not configured. Available: ["development", "test"]
/home/sinaga-indra/.rvm/gems/ruby-2.1.4/gems/activerecord-4.2.5/lib/active_record/connection_adapters/connection_specification.rb:248:in `resolve_symbol_connection'
/home/sinaga-indra/.rvm/gems/ruby-2.1.4/gems/activerecord-4.2.5/lib/active_record/connection_adapters/connection_specification.rb:211:in `resolve_connection'
/home/sinaga-indra/.rvm/gems/ruby-2.1.4/gems/activerecord-4.2.5/lib/active_record/connection_adapters/connection_specification.rb:139:in `resolve'
/home/sinaga-indra/.rvm/gems/ruby-2.1.4/gems/activerecord-4.2.5/lib/active_record/connection_adapters/connection_specification.rb:169:in `spec'
/home/sinaga-indra/.rvm/gems/ruby-2.1.4/gems/activerecord-4.2.5/lib/active_record/connection_handling.rb:50:in `establish_connection'
/home/sinaga-indra/.rvm/gems/ruby-2.1.4/gems/activerecord-4.2.5/lib/active_record/railtie.rb:120:in `block (2 levels) in <class:Railtie>'
/home/sinaga-indra/.rvm/gems/ruby-2.1.4/gems/activesupport-4.2.5/lib/active_support/lazy_load_hooks.rb:38:in `instance_eval'
/home/sinaga-indra/.rvm/gems/ruby-2.1.4/gems/activesupport-4.2.5/lib/active_support/lazy_load_hooks.rb:38:in `execute_hook'
/home/sinaga-indra/.rvm/gems/ruby-2.1.4/gems/activesupport-4.2.5/lib/active_support/lazy_load_hooks.rb:45:in `block in run_load_hooks'
/home/sinaga-indra/.rvm/gems/ruby-2.1.4/gems/activesupport-4.2.5/lib/active_support/lazy_load_hooks.rb:44:in `each'
/home/sinaga-indra/.rvm/gems/ruby-2.1.4/gems/activesupport-4.2.5/lib/active_support/lazy_load_hooks.rb:44:in `run_load_hooks'
/home/sinaga-indra/.rvm/gems/ruby-2.1.4/gems/activerecord-4.2.5/lib/active_record/base.rb:315:in `<module:ActiveRecord>'
/home/sinaga-indra/.rvm/gems/ruby-2.1.4/gems/activerecord-4.2.5/lib/active_record/base.rb:26:in `<top (required)>'
/home/sinaga-indra/Documents/projects/rubyOnRails/github-watcher-web/web_app/app/models/user.rb:1:in `<top (required)>'
/home/sinaga-indra/.rvm/gems/ruby-2.1.4/gems/activesupport-4.2.5/lib/active_support/dependencies.rb:274:in `require'
/home/sinaga-indra/.rvm/gems/ruby-2.1.4/gems/activesupport-4.2.5/lib/active_support/dependencies.rb:274:in `block in require'
/home/sinaga-indra/.rvm/gems/ruby-2.1.4/gems/activesupport-4.2.5/lib/active_support/dependencies.rb:240:in `load_dependency'
/home/sinaga-indra/.rvm/gems/ruby-2.1.4/gems/activesupport-4.2.5/lib/active_support/dependencies.rb:274:in `require'
/home/sinaga-indra/.rvm/gems/ruby-2.1.4/gems/activesupport-4.2.5/lib/active_support/dependencies.rb:360:in `require_or_load'
/home/sinaga-indra/.rvm/gems/ruby-2.1.4/gems/activesupport-4.2.5/lib/active_support/dependencies.rb:494:in `load_missing_constant'
/home/sinaga-indra/.rvm/gems/ruby-2.1.4/gems/activesupport-4.2.5/lib/active_support/dependencies.rb:184:in `const_missing'
/home/sinaga-indra/Documents/projects/rubyOnRails/github-watcher-web/web_app/lib/tasks/update_search_results_weekly.rake:5:in `block (2 levels) in <top (required)>'
/home/sinaga-indra/.rvm/gems/ruby-2.1.4/bin/ruby_executable_hooks:15:in `eval'
/home/sinaga-indra/.rvm/gems/ruby-2.1.4/bin/ruby_executable_hooks:15:in `<main>'
Tasks: TOP => schedule:update_search_results_weekly
(See full trace by running task with --trace)
